<?xml version="1.0" encoding="UTF-8"?>
<testsuite xmlns:xsi="http://www.w3.org/2001/XMLSchema-instance" xsi:noNamespaceSchemaLocation="https://maven.apache.org/surefire/maven-surefire-plugin/xsd/surefire-test-report.xsd" version="3.0.2" name="Employee_Management_System.EmployeeManagementSystemApplicationTests" time="10.017" tests="1" errors="0" skipped="0" failures="0" flakes="0">
  <properties>
[...]
</properties>
  <testcase name="contextLoads" classname="Employee_Management_System.EmployeeManagementSystemApplicationTests" time="0.539">
    <system-out><![CDATA[12:10:11.092 [main] INFO org.springframework.boot.devtools.restart.RestartApplicationListener -- Restart disabled due to context in which it is running

  .   ____          _            __ _ _
 /\\ / ___'_ __ _ _(_)_ __  __ _ \ \ \ \
( ( )\___ | '_ | '_| | '_ \/ _` | \ \ \ \
 \\/  ___)| |_)| | | | | || (_| |  ) ) ) )
  '  |____| .__|_| |_|_| |_\__, | / / / /
 =========|_|==============|___/=/_/_/_/

 :: Spring Boot ::                (v4.0.6)

2026-07-15T12:10:11.426+05:30  INFO 9312 --- [           main] EmployeeManagementSystemApplicationTests : Starting EmployeeManagementSystemApplicationTests using Java 17.0.18 with PID 9312 (started by ANMOL KUMAR SINGH in C:\Users\ANMOL KUMAR SINGH\Desktop\Anmoljava\Employee_Management_System\Employee_Management_System)
2026-07-15T12:10:11.426+05:30  INFO 9312 --- [           main] EmployeeManagementSystemApplicationTests : No active profile set, falling back to 1 default profile: "default"
2026-07-15T12:10:11.498+05:30 DEBUG 9312 --- [           main] o.s.w.c.s.GenericWebApplicationContext   : Refreshing org.springframework.web.context.support.GenericWebApplicationContext@26a262d6
2026-07-15T12:10:12.582+05:30  INFO 9312 --- [           main] .s.d.r.c.RepositoryConfigurationDelegate : Bootstrapping Spring Data JPA repositories in DEFAULT mode.
2026-07-15T12:10:12.704+05:30  INFO 9312 --- [           main] .s.d.r.c.RepositoryConfigurationDelegate : Finished Spring Data repository scanning in 99 ms. Found 15 JPA repository interfaces.
2026-07-15T12:10:13.376+05:30  INFO 9312 --- [           main] org.hibernate.orm.jpa                    : HHH008540: Processing PersistenceUnitInfo [name: default]
2026-07-15T12:10:13.464+05:30  INFO 9312 --- [           main] org.hibernate.orm.core                   : HHH000001: Hibernate ORM core version 7.2.12.Final
2026-07-15T12:10:14.193+05:30  INFO 9312 --- [           main] o.s.o.j.p.SpringPersistenceUnitInfo      : No LoadTimeWeaver setup: ignoring JPA class transformer
2026-07-15T12:10:14.242+05:30  INFO 9312 --- [           main] com.zaxxer.hikari.HikariDataSource       : HikariPool-1 - Starting...
2026-07-15T12:10:14.523+05:30  INFO 9312 --- [           main] com.zaxxer.hikari.pool.HikariPool        : HikariPool-1 - Added connection com.mysql.cj.jdbc.ConnectionImpl@52f7fa65
2026-07-15T12:10:14.523+05:30  INFO 9312 --- [           main] com.zaxxer.hikari.HikariDataSource       : HikariPool-1 - Start completed.
2026-07-15T12:10:14.615+05:30  WARN 9312 --- [           main] org.hibernate.orm.deprecation            : HHH90000025: MySQLDialect does not need to be specified explicitly using 'hibernate.dialect' (remove the property setting and it will be selected by default)
2026-07-15T12:10:14.638+05:30  INFO 9312 --- [           main] org.hibernate.orm.connections.pooling    : HHH10001005: Database info:
	Database JDBC URL [jdbc:mysql://localhost:3306/employee_db?useSSL=false&serverTimezone=UTC]
	Database driver: MySQL Connector/J
	Database dialect: MySQLDialect
	Database version: 8.0.45
	Default catalog/schema: employee_db/undefined
	Autocommit mode: undefined/unknown
	Isolation level: REPEATABLE_READ [default REPEATABLE_READ]
	JDBC fetch size: none
	Pool: DataSourceConnectionProvider
	Minimum pool size: undefined/unknown
	Maximum pool size: undefined/unknown
2026-07-15T12:10:16.101+05:30  INFO 9312 --- [           main] org.hibernate.orm.core                   : HHH000489: No JTA platform available (set 'hibernate.transaction.jta.platform' to enable JTA platform integration)
Hibernate: create table employee_profiles (id bigint not null auto_increment, account_holder_name varchar(255), account_number varchar(255), bank_name varchar(255), blood_group varchar(255), created_at datetime(6), current_address TEXT, department varchar(255), designation varchar(255), dob varchar(255) not null, email varchar(255) not null, email_sent bit, field_of_study varchar(255), full_name varchar(100) not null, gender varchar(255), highest_qualification varchar(255), ifsc_code varchar(255), marital_status varchar(255), passing_year varchar(255), password varchar(255), permanent_address TEXT, phone_number varchar(255), photo TEXT, registered_at datetime(6), status varchar(255), university varchar(255), updated_at datetime(6), user_id varchar(255) not null, primary key (id)) engine=InnoDB
Hibernate: alter table employees add column first_name varchar(255) not null
Hibernate: alter table employees add column last_name varchar(255) not null
Hibernate: create table project_employees (project_id bigint not null, employee_id bigint not null) engine=InnoDB
Hibernate: create table projects (id bigint not null auto_increment, assigned_employee_id bigint, assigned_employee_name varchar(255), client_name varchar(255), client_region varchar(255), created_at datetime(6), created_by varchar(255), department_id bigint, description varchar(255), onboarding_date date, project_name varchar(255) not null, project_type varchar(255), status enum ('ACTIVE','CANCELLED','COMPLETED','INACTIVE','IN_PROGRESS','ON_HOLD'), total_cost float(53), updated_at datetime(6), primary key (id)) engine=InnoDB
Hibernate: alter table employee_profiles drop index UKlwwsp2mbvuufko95qend54sy8
Hibernate: alter table employee_profiles add constraint UKlwwsp2mbvuufko95qend54sy8 unique (email)
Hibernate: alter table employee_profiles drop index UK8yk3u81veuwf2re5iuf6qxkn9
Hibernate: alter table employee_profiles add constraint UK8yk3u81veuwf2re5iuf6qxkn9 unique (user_id)
Hibernate: alter table projects drop index UK5brqsoho9qc97d54l39n7osde
Hibernate: alter table projects add constraint UK5brqsoho9qc97d54l39n7osde unique (project_name)
Hibernate: alter table project_employees add constraint FKm4eko765j3efjfhbps6j8pxnv foreign key (employee_id) references employees (id)
Hibernate: alter table project_employees add constraint FKt9kxewjtx1iqoxwasi3ma5e0t foreign key (project_id) references projects (id)
2026-07-15T12:10:17.065+05:30  INFO 9312 --- [           main] j.LocalContainerEntityManagerFactoryBean : Initialized JPA EntityManagerFactory for persistence unit 'default'
2026-07-15T12:10:17.205+05:30  INFO 9312 --- [           main] o.s.d.j.r.query.QueryEnhancerFactories   : Hibernate is in classpath; If applicable, HQL parser will be used.
2026-07-15T12:10:19.012+05:30  WARN 9312 --- [           main] JpaBaseConfiguration$JpaWebConfiguration : spring.jpa.open-in-view is enabled by default. Therefore, database queries may be performed during view rendering. Explicitly configure spring.jpa.open-in-view to disable this warning
2026-07-15T12:10:19.155+05:30  WARN 9312 --- [           main] .s.a.UserDetailsServiceAutoConfiguration : 

Using generated security password: 9e2c8edf-7ed1-42b2-8883-b785abcd388c

This generated password is for development use only. Your security configuration must be updated before running your application in production.

2026-07-15T12:10:19.187+05:30  INFO 9312 --- [           main] r$InitializeUserDetailsManagerConfigurer : Global AuthenticationManager configured with UserDetailsService bean with name inMemoryUserDetailsManager
2026-07-15T12:10:19.519+05:30 DEBUG 9312 --- [           main] o.s.s.web.DefaultSecurityFilterChain     : Will secure any request with filters: DisableEncodeUrlFilter, WebAsyncManagerIntegrationFilter, SecurityContextHolderFilter, HeaderWriterFilter, LogoutFilter, JwtAuthenticationFilter, RequestCacheAwareFilter, SecurityContextHolderAwareRequestFilter, AnonymousAuthenticationFilter, SessionManagementFilter, ExceptionTranslationFilter, AuthorizationFilter
2026-07-15T12:10:19.692+05:30 DEBUG 9312 --- [           main] s.w.s.m.m.a.RequestMappingHandlerMapping : 72 mappings in 'requestMappingHandlerMapping'
2026-07-15T12:10:19.736+05:30 DEBUG 9312 --- [           main] o.s.w.s.handler.SimpleUrlHandlerMapping  : Patterns [/webjars/**, /**, /storage/photos/**] in 'resourceHandlerMapping'
2026-07-15T12:10:19.778+05:30 DEBUG 9312 --- [           main] s.w.s.m.m.a.RequestMappingHandlerAdapter : ControllerAdvice beans: 1 @ModelAttribute, 0 @InitBinder, 2 RequestBodyAdvice, 1 ResponseBodyAdvice
2026-07-15T12:10:19.886+05:30 DEBUG 9312 --- [           main] .m.m.a.ExceptionHandlerExceptionResolver : ControllerAdvice beans: 0 @ExceptionHandler, 1 ResponseBodyAdvice
2026-07-15T12:10:20.077+05:30  INFO 9312 --- [           main] EmployeeManagementSystemApplicationTests : Started EmployeeManagementSystemApplicationTests in 9.003 seconds (process running for 10.132)
]]></system-out>
  </testcase>
</testsuite>